/*C8*/SET SCHEMA PUBLIC
DISCONNECT
/*C9*/SET SCHEMA PUBLIC
DISCONNECT
/*C10*/SET SCHEMA PUBLIC
DISCONNECT
/*C62*/SET SCHEMA PUBLIC
DISCONNECT
/*C63*/SET SCHEMA PUBLIC
DISCONNECT
/*C64*/SET SCHEMA PUBLIC
DISCONNECT
/*C65*/SET SCHEMA PUBLIC
DELETE FROM RECIPES WHERE ID=9
INSERT INTO RECIPES VALUES(9,0,3,'\u041f\u0435\u0440\u0435\u0441\u0430\u0434\u043a\u0430 \u0431\u0438\u043d\u0430\u0440\u043d\u043e\u0433\u043e \u0434\u0435\u0440\u0435\u0432\u0430','2019-11-01',60,0)
COMMIT
/*C66*/SET SCHEMA PUBLIC
DISCONNECT
/*C118*/SET SCHEMA PUBLIC
DISCONNECT
/*C119*/SET SCHEMA PUBLIC
DISCONNECT
/*C120*/SET SCHEMA PUBLIC
DISCONNECT
/*C121*/SET SCHEMA PUBLIC
DELETE FROM RECIPES WHERE ID=5
INSERT INTO RECIPES VALUES(5,1,5,'\u041f\u043e\u043b\u043e\u0441\u043a\u0430\u0442\u044c \u0440\u043e\u0442 \u0441\u043a\u043e\u0440\u043e\u0433\u043e\u0432\u043e\u0440\u043a\u0430\u043c\u0438','2019-11-18',10,0)
COMMIT
/*C122*/SET SCHEMA PUBLIC
DISCONNECT
/*C174*/SET SCHEMA PUBLIC
DISCONNECT
/*C175*/SET SCHEMA PUBLIC
DISCONNECT
/*C176*/SET SCHEMA PUBLIC
DISCONNECT
